23-Dec-2018 16:40:17.628 INFO [main] org.apache.catalina.startup.VersionLoggerListener.log Server version name:   Apache Tomcat/9.0.14
23-Dec-2018 16:40:17.638 INFO [main] org.apache.catalina.startup.VersionLoggerListener.log Server built:          Dec 6 2018 21:13:53 UTC
23-Dec-2018 16:40:17.638 INFO [main] org.apache.catalina.startup.VersionLoggerListener.log Server version number: 9.0.14.0
23-Dec-2018 16:40:17.638 INFO [main] org.apache.catalina.startup.VersionLoggerListener.log OS Name:               Mac OS X
23-Dec-2018 16:40:17.638 INFO [main] org.apache.catalina.startup.VersionLoggerListener.log OS Version:            10.14.1
23-Dec-2018 16:40:17.638 INFO [main] org.apache.catalina.startup.VersionLoggerListener.log Architecture:          x86_64
23-Dec-2018 16:40:17.638 INFO [main] org.apache.catalina.startup.VersionLoggerListener.log Java Home:             /Library/Java/JavaVirtualMachines/jdk1.8.0_66.jdk/Contents/Home/jre
23-Dec-2018 16:40:17.638 INFO [main] org.apache.catalina.startup.VersionLoggerListener.log JVM Version:           1.8.0_66-b17
23-Dec-2018 16:40:17.638 INFO [main] org.apache.catalina.startup.VersionLoggerListener.log JVM Vendor:            Oracle Corporation
23-Dec-2018 16:40:17.639 INFO [main] org.apache.catalina.startup.VersionLoggerListener.log CATALINA_BASE:         /Users/tgardner/eclipse-workspace/BJWA/Tomcat/apache-tomcat-9.0.14
23-Dec-2018 16:40:17.639 INFO [main] org.apache.catalina.startup.VersionLoggerListener.log CATALINA_HOME:         /Users/tgardner/eclipse-workspace/BJWA/Tomcat/apache-tomcat-9.0.14
23-Dec-2018 16:40:17.640 INFO [main] org.apache.catalina.startup.VersionLoggerListener.log Command line argument: -Djava.util.logging.config.file=/Users/tgardner/eclipse-workspace/BJWA/Tomcat/apache-tomcat-9.0.14/conf/logging.properties
23-Dec-2018 16:40:17.640 INFO [main] org.apache.catalina.startup.VersionLoggerListener.log Command line argument: -Djava.util.logging.manager=org.apache.juli.ClassLoaderLogManager
23-Dec-2018 16:40:17.641 INFO [main] org.apache.catalina.startup.VersionLoggerListener.log Command line argument: -Djdk.tls.ephemeralDHKeySize=2048
23-Dec-2018 16:40:17.641 INFO [main] org.apache.catalina.startup.VersionLoggerListener.log Command line argument: -Djava.protocol.handler.pkgs=org.apache.catalina.webresources
23-Dec-2018 16:40:17.641 INFO [main] org.apache.catalina.startup.VersionLoggerListener.log Command line argument: -Dorg.apache.catalina.security.SecurityListener.UMASK=0027
23-Dec-2018 16:40:17.642 INFO [main] org.apache.catalina.startup.VersionLoggerListener.log Command line argument: -Dignore.endorsed.dirs=
23-Dec-2018 16:40:17.642 INFO [main] org.apache.catalina.startup.VersionLoggerListener.log Command line argument: -Dcatalina.base=/Users/tgardner/eclipse-workspace/BJWA/Tomcat/apache-tomcat-9.0.14
23-Dec-2018 16:40:17.642 INFO [main] org.apache.catalina.startup.VersionLoggerListener.log Command line argument: -Dcatalina.home=/Users/tgardner/eclipse-workspace/BJWA/Tomcat/apache-tomcat-9.0.14
23-Dec-2018 16:40:17.642 INFO [main] org.apache.catalina.startup.VersionLoggerListener.log Command line argument: -Djava.io.tmpdir=/Users/tgardner/eclipse-workspace/BJWA/Tomcat/apache-tomcat-9.0.14/temp
23-Dec-2018 16:40:17.642 INFO [main] org.apache.catalina.core.AprLifecycleListener.lifecycleEvent The APR based Apache Tomcat Native library which allows optimal performance in production environments was not found on the java.library.path: [/Users/tgardner/Library/Java/Extensions:/Library/Java/Extensions:/Network/Library/Java/Extensions:/System/Library/Java/Extensions:/usr/lib/java:.]
23-Dec-2018 16:40:17.971 INFO [main] org.apache.coyote.AbstractProtocol.init Initializing ProtocolHandler ["http-nio-8080"]
23-Dec-2018 16:40:18.039 INFO [main] org.apache.coyote.AbstractProtocol.init Initializing ProtocolHandler ["ajp-nio-8009"]
23-Dec-2018 16:40:18.042 INFO [main] org.apache.catalina.startup.Catalina.load Server initialization in [1,394] milliseconds
23-Dec-2018 16:40:18.089 INFO [main] org.apache.catalina.core.StandardService.startInternal Starting service [Catalina]
23-Dec-2018 16:40:18.089 INFO [main] org.apache.catalina.core.StandardEngine.startInternal Starting Servlet engine: [Apache Tomcat/9.0.14]
23-Dec-2018 16:40:18.101 INFO [main] org.apache.catalina.startup.HostConfig.deployDirectory Deploying web application directory [/Users/tgardner/eclipse-workspace/BJWA/Tomcat/apache-tomcat-9.0.14/webapps/docs]
23-Dec-2018 16:40:18.673 INFO [main] org.apache.catalina.startup.HostConfig.deployDirectory Deployment of web application directory [/Users/tgardner/eclipse-workspace/BJWA/Tomcat/apache-tomcat-9.0.14/webapps/docs] has finished in [572] ms
23-Dec-2018 16:40:18.673 INFO [main] org.apache.catalina.startup.HostConfig.deployDirectory Deploying web application directory [/Users/tgardner/eclipse-workspace/BJWA/Tomcat/apache-tomcat-9.0.14/webapps/manager]
23-Dec-2018 16:40:18.722 INFO [main] org.apache.catalina.startup.HostConfig.deployDirectory Deployment of web application directory [/Users/tgardner/eclipse-workspace/BJWA/Tomcat/apache-tomcat-9.0.14/webapps/manager] has finished in [49] ms
23-Dec-2018 16:40:18.723 INFO [main] org.apache.catalina.startup.HostConfig.deployDirectory Deploying web application directory [/Users/tgardner/eclipse-workspace/BJWA/Tomcat/apache-tomcat-9.0.14/webapps/examples]
23-Dec-2018 16:40:19.216 INFO [main] org.apache.catalina.startup.HostConfig.deployDirectory Deployment of web application directory [/Users/tgardner/eclipse-workspace/BJWA/Tomcat/apache-tomcat-9.0.14/webapps/examples] has finished in [493] ms
23-Dec-2018 16:40:19.217 INFO [main] org.apache.catalina.startup.HostConfig.deployDirectory Deploying web application directory [/Users/tgardner/eclipse-workspace/BJWA/Tomcat/apache-tomcat-9.0.14/webapps/ROOT]
23-Dec-2018 16:40:19.241 INFO [main] org.apache.catalina.startup.HostConfig.deployDirectory Deployment of web application directory [/Users/tgardner/eclipse-workspace/BJWA/Tomcat/apache-tomcat-9.0.14/webapps/ROOT] has finished in [25] ms
23-Dec-2018 16:40:19.241 INFO [main] org.apache.catalina.startup.HostConfig.deployDirectory Deploying web application directory [/Users/tgardner/eclipse-workspace/BJWA/Tomcat/apache-tomcat-9.0.14/webapps/host-manager]
23-Dec-2018 16:40:19.278 INFO [main] org.apache.catalina.startup.HostConfig.deployDirectory Deployment of web application directory [/Users/tgardner/eclipse-workspace/BJWA/Tomcat/apache-tomcat-9.0.14/webapps/host-manager] has finished in [37] ms
23-Dec-2018 16:40:19.284 INFO [main] org.apache.coyote.AbstractProtocol.start Starting ProtocolHandler ["http-nio-8080"]
23-Dec-2018 16:40:19.297 INFO [main] org.apache.coyote.AbstractProtocol.start Starting ProtocolHandler ["ajp-nio-8009"]
23-Dec-2018 16:40:19.304 INFO [main] org.apache.catalina.startup.Catalina.start Server startup in [1,261] milliseconds
